<?xml version="1.0" encoding="UTF-8"?>
<testng-results ignored="0" total="6" passed="6" failed="0" skipped="0">
  <reporter-output>
  </reporter-output>
  <suite started-at="2024-08-01T23:16:07 EDT" name="Suite" finished-at="2024-08-01T23:16:39 EDT" duration-ms="31936">
    <groups>
      <group name="cucumber">
        <method signature="AbstractTestNGCucumberTests.runScenario(io.cucumber.testng.PickleWrapper,io.cucumber.testng.FeatureWrapper)[pri:0, instance:runner.TestRunner@72035809]" name="runScenario" class="io.cucumber.testng.AbstractTestNGCucumberTests"/>
        <method signature="AbstractTestNGCucumberTests.runScenario(io.cucumber.testng.PickleWrapper,io.cucumber.testng.FeatureWrapper)[pri:0, instance:runner.TestRunner@302c971f]" name="runScenario" class="io.cucumber.testng.AbstractTestNGCucumberTests"/>
      </group> <!-- cucumber -->
    </groups>
    <test started-at="2024-08-01T23:16:07 EDT" name="TestChrome" finished-at="2024-08-01T23:16:31 EDT" duration-ms="24004">
      <class name="runner.TestRunner">
        <test-method is-config="true" signature="defineBrowser(java.lang.String)[pri:0, instance:runner.TestRunner@72035809]" started-at="2024-08-01T23:16:07 EDT" name="defineBrowser" finished-at="2024-08-01T23:16:08 EDT" duration-ms="23" status="PASS">
          <params>
            <param index="0">
              <value>
                <![CDATA[chrome]]>
              </value>
            </param>
          </params>
          <reporter-output>
          </reporter-output>
        </test-method> <!-- defineBrowser -->
        <test-method is-config="true" signature="setUpClass(org.testng.ITestContext)[pri:0, instance:runner.TestRunner@72035809]" started-at="2024-08-01T23:16:08 EDT" name="setUpClass" finished-at="2024-08-01T23:16:08 EDT" duration-ms="632" status="PASS">
          <params>
            <param index="0">
              <value>
                <![CDATA[org.testng.TestRunner@50b0bc4c]]>
              </value>
            </param>
          </params>
          <reporter-output>
          </reporter-output>
        </test-method> <!-- setUpClass -->
        <test-method signature="runScenario(io.cucumber.testng.PickleWrapper,io.cucumber.testng.FeatureWrapper)[pri:0, instance:runner.TestRunner@72035809]" started-at="2024-08-01T23:16:08 EDT" name="runScenario" description="Runs Cucumber Scenarios" data-provider="scenarios" finished-at="2024-08-01T23:16:31 EDT" duration-ms="23199" status="PASS">
          <params>
            <param index="0">
              <value>
                <![CDATA["verify username and password functionality with valid data"]]>
              </value>
            </param>
            <param index="1">
              <value>
                <![CDATA["Test Application - Feature 1"]]>
              </value>
            </param>
          </params>
          <reporter-output>
          </reporter-output>
        </test-method> <!-- runScenario -->
        <test-method signature="runScenario(io.cucumber.testng.PickleWrapper,io.cucumber.testng.FeatureWrapper)[pri:0, instance:runner.TestRunner@72035809]" started-at="2024-08-01T23:16:08 EDT" name="runScenario" description="Runs Cucumber Scenarios" data-provider="scenarios" finished-at="2024-08-01T23:16:30 EDT" duration-ms="21480" status="PASS">
          <params>
            <param index="0">
              <value>
                <![CDATA["Array feature validation"]]>
              </value>
            </param>
            <param index="1">
              <value>
                <![CDATA["Test Application - Feature 2"]]>
              </value>
            </param>
          </params>
          <reporter-output>
          </reporter-output>
        </test-method> <!-- runScenario -->
        <test-method signature="runScenario(io.cucumber.testng.PickleWrapper,io.cucumber.testng.FeatureWrapper)[pri:0, instance:runner.TestRunner@72035809]" started-at="2024-08-01T23:16:08 EDT" name="runScenario" description="Runs Cucumber Scenarios" data-provider="scenarios" finished-at="2024-08-01T23:16:31 EDT" duration-ms="22532" status="PASS">
          <params>
            <param index="0">
              <value>
                <![CDATA["verify username and password functionality with in valid data"]]>
              </value>
            </param>
            <param index="1">
              <value>
                <![CDATA["Test Application - Feature 1"]]>
              </value>
            </param>
          </params>
          <reporter-output>
          </reporter-output>
        </test-method> <!-- runScenario -->
        <test-method is-config="true" signature="tearDownClass()[pri:0, instance:runner.TestRunner@72035809]" started-at="2024-08-01T23:16:31 EDT" name="tearDownClass" finished-at="2024-08-01T23:16:31 EDT" duration-ms="75" status="PASS">
          <reporter-output>
          </reporter-output>
        </test-method> <!-- tearDownClass -->
      </class> <!-- runner.TestRunner -->
    </test> <!-- TestChrome -->
    <test started-at="2024-08-01T23:16:32 EDT" name="TestFirefox" finished-at="2024-08-01T23:16:39 EDT" duration-ms="7860">
      <class name="runner.TestRunner">
        <test-method is-config="true" signature="defineBrowser(java.lang.String)[pri:0, instance:runner.TestRunner@302c971f]" started-at="2024-08-01T23:16:32 EDT" name="defineBrowser" finished-at="2024-08-01T23:16:32 EDT" duration-ms="5" status="PASS">
          <params>
            <param index="0">
              <value>
                <![CDATA[firefox]]>
              </value>
            </param>
          </params>
          <reporter-output>
          </reporter-output>
        </test-method> <!-- defineBrowser -->
        <test-method is-config="true" signature="setUpClass(org.testng.ITestContext)[pri:0, instance:runner.TestRunner@302c971f]" started-at="2024-08-01T23:16:32 EDT" name="setUpClass" finished-at="2024-08-01T23:16:32 EDT" duration-ms="36" status="PASS">
          <params>
            <param index="0">
              <value>
                <![CDATA[org.testng.TestRunner@c20be82]]>
              </value>
            </param>
          </params>
          <reporter-output>
          </reporter-output>
        </test-method> <!-- setUpClass -->
        <test-method signature="runScenario(io.cucumber.testng.PickleWrapper,io.cucumber.testng.FeatureWrapper)[pri:0, instance:runner.TestRunner@302c971f]" started-at="2024-08-01T23:16:32 EDT" name="runScenario" description="Runs Cucumber Scenarios" data-provider="scenarios" finished-at="2024-08-01T23:16:39 EDT" duration-ms="7418" status="PASS">
          <params>
            <param index="0">
              <value>
                <![CDATA["verify username and password functionality with in valid data"]]>
              </value>
            </param>
            <param index="1">
              <value>
                <![CDATA["Test Application - Feature 1"]]>
              </value>
            </param>
          </params>
          <reporter-output>
          </reporter-output>
        </test-method> <!-- runScenario -->
        <test-method signature="runScenario(io.cucumber.testng.PickleWrapper,io.cucumber.testng.FeatureWrapper)[pri:0, instance:runner.TestRunner@302c971f]" started-at="2024-08-01T23:16:32 EDT" name="runScenario" description="Runs Cucumber Scenarios" data-provider="scenarios" finished-at="2024-08-01T23:16:39 EDT" duration-ms="7783" status="PASS">
          <params>
            <param index="0">
              <value>
                <![CDATA["verify username and password functionality with valid data"]]>
              </value>
            </param>
            <param index="1">
              <value>
                <![CDATA["Test Application - Feature 1"]]>
              </value>
            </param>
          </params>
          <reporter-output>
          </reporter-output>
        </test-method> <!-- runScenario -->
        <test-method signature="runScenario(io.cucumber.testng.PickleWrapper,io.cucumber.testng.FeatureWrapper)[pri:0, instance:runner.TestRunner@302c971f]" started-at="2024-08-01T23:16:32 EDT" name="runScenario" description="Runs Cucumber Scenarios" data-provider="scenarios" finished-at="2024-08-01T23:16:39 EDT" duration-ms="7273" status="PASS">
          <params>
            <param index="0">
              <value>
                <![CDATA["Array feature validation"]]>
              </value>
            </param>
            <param index="1">
              <value>
                <![CDATA["Test Application - Feature 2"]]>
              </value>
            </param>
          </params>
          <reporter-output>
          </reporter-output>
        </test-method> <!-- runScenario -->
        <test-method is-config="true" signature="tearDownClass()[pri:0, instance:runner.TestRunner@302c971f]" started-at="2024-08-01T23:16:39 EDT" name="tearDownClass" finished-at="2024-08-01T23:16:39 EDT" duration-ms="27" status="PASS">
          <reporter-output>
          </reporter-output>
        </test-method> <!-- tearDownClass -->
      </class> <!-- runner.TestRunner -->
    </test> <!-- TestFirefox -->
  </suite> <!-- Suite -->
</testng-results>
