<?xml version="1.0" encoding="UTF-8"?>
<testng-results ignored="0" total="6" passed="6" failed="0" skipped="0">
  <reporter-output>
  </reporter-output>
  <suite started-at="2024-08-01T20:50:44 EDT" name="Suite" finished-at="2024-08-01T20:52:01 EDT" duration-ms="76570">
    <groups>
      <group name="cucumber">
        <method signature="AbstractTestNGCucumberTests.runScenario(io.cucumber.testng.PickleWrapper,io.cucumber.testng.FeatureWrapper)[pri:0, instance:runner.TestRunner@72035809]" name="runScenario" class="io.cucumber.testng.AbstractTestNGCucumberTests"/>
        <method signature="AbstractTestNGCucumberTests.runScenario(io.cucumber.testng.PickleWrapper,io.cucumber.testng.FeatureWrapper)[pri:0, instance:runner.TestRunner@302c971f]" name="runScenario" class="io.cucumber.testng.AbstractTestNGCucumberTests"/>
      </group> <!-- cucumber -->
    </groups>
    <test started-at="2024-08-01T20:50:44 EDT" name="TestChrome" finished-at="2024-08-01T20:51:45 EDT" duration-ms="61227">
      <class name="runner.TestRunner">
        <test-method is-config="true" signature="defineBrowser(java.lang.String)[pri:0, instance:runner.TestRunner@72035809]" started-at="2024-08-01T20:50:44 EDT" name="defineBrowser" finished-at="2024-08-01T20:50:44 EDT" duration-ms="24" status="PASS">
          <params>
            <param index="0">
              <value>
                <![CDATA[chrome]]>
              </value>
            </param>
          </params>
          <reporter-output>
          </reporter-output>
        </test-method> <!-- defineBrowser -->
        <test-method is-config="true" signature="setUpClass(org.testng.ITestContext)[pri:0, instance:runner.TestRunner@72035809]" started-at="2024-08-01T20:50:44 EDT" name="setUpClass" finished-at="2024-08-01T20:50:45 EDT" duration-ms="651" status="PASS">
          <params>
            <param index="0">
              <value>
                <![CDATA[org.testng.TestRunner@5f5827d0]]>
              </value>
            </param>
          </params>
          <reporter-output>
          </reporter-output>
        </test-method> <!-- setUpClass -->
        <test-method signature="runScenario(io.cucumber.testng.PickleWrapper,io.cucumber.testng.FeatureWrapper)[pri:0, instance:runner.TestRunner@72035809]" started-at="2024-08-01T20:50:45 EDT" name="runScenario" description="Runs Cucumber Scenarios" data-provider="scenarios" finished-at="2024-08-01T20:51:10 EDT" duration-ms="24914" status="PASS">
          <params>
            <param index="0">
              <value>
                <![CDATA["verify username and password functionality with valid data"]]>
              </value>
            </param>
            <param index="1">
              <value>
                <![CDATA["Test Application - Feature 1"]]>
              </value>
            </param>
          </params>
          <reporter-output>
          </reporter-output>
        </test-method> <!-- runScenario -->
        <test-method signature="runScenario(io.cucumber.testng.PickleWrapper,io.cucumber.testng.FeatureWrapper)[pri:0, instance:runner.TestRunner@72035809]" started-at="2024-08-01T20:51:10 EDT" name="runScenario" description="Runs Cucumber Scenarios" data-provider="scenarios" finished-at="2024-08-01T20:51:29 EDT" duration-ms="19050" status="PASS">
          <params>
            <param index="0">
              <value>
                <![CDATA["verify username and password functionality with in valid data"]]>
              </value>
            </param>
            <param index="1">
              <value>
                <![CDATA["Test Application - Feature 1"]]>
              </value>
            </param>
          </params>
          <reporter-output>
          </reporter-output>
        </test-method> <!-- runScenario -->
        <test-method signature="runScenario(io.cucumber.testng.PickleWrapper,io.cucumber.testng.FeatureWrapper)[pri:0, instance:runner.TestRunner@72035809]" started-at="2024-08-01T20:51:29 EDT" name="runScenario" description="Runs Cucumber Scenarios" data-provider="scenarios" finished-at="2024-08-01T20:51:45 EDT" duration-ms="16466" status="PASS">
          <params>
            <param index="0">
              <value>
                <![CDATA["Array feature validation"]]>
              </value>
            </param>
            <param index="1">
              <value>
                <![CDATA["Test Application - Feature 2"]]>
              </value>
            </param>
          </params>
          <reporter-output>
          </reporter-output>
        </test-method> <!-- runScenario -->
        <test-method is-config="true" signature="tearDownClass()[pri:0, instance:runner.TestRunner@72035809]" started-at="2024-08-01T20:51:45 EDT" name="tearDownClass" finished-at="2024-08-01T20:51:45 EDT" duration-ms="43" status="PASS">
          <reporter-output>
          </reporter-output>
        </test-method> <!-- tearDownClass -->
      </class> <!-- runner.TestRunner -->
    </test> <!-- TestChrome -->
    <test started-at="2024-08-01T20:51:45 EDT" name="TestFirefox" finished-at="2024-08-01T20:52:01 EDT" duration-ms="15260">
      <class name="runner.TestRunner">
        <test-method is-config="true" signature="defineBrowser(java.lang.String)[pri:0, instance:runner.TestRunner@302c971f]" started-at="2024-08-01T20:51:45 EDT" name="defineBrowser" finished-at="2024-08-01T20:51:45 EDT" duration-ms="4" status="PASS">
          <params>
            <param index="0">
              <value>
                <![CDATA[firefox]]>
              </value>
            </param>
          </params>
          <reporter-output>
          </reporter-output>
        </test-method> <!-- defineBrowser -->
        <test-method is-config="true" signature="setUpClass(org.testng.ITestContext)[pri:0, instance:runner.TestRunner@302c971f]" started-at="2024-08-01T20:51:45 EDT" name="setUpClass" finished-at="2024-08-01T20:51:45 EDT" duration-ms="31" status="PASS">
          <params>
            <param index="0">
              <value>
                <![CDATA[org.testng.TestRunner@58a2d9f9]]>
              </value>
            </param>
          </params>
          <reporter-output>
          </reporter-output>
        </test-method> <!-- setUpClass -->
        <test-method signature="runScenario(io.cucumber.testng.PickleWrapper,io.cucumber.testng.FeatureWrapper)[pri:0, instance:runner.TestRunner@302c971f]" started-at="2024-08-01T20:51:45 EDT" name="runScenario" description="Runs Cucumber Scenarios" data-provider="scenarios" finished-at="2024-08-01T20:51:51 EDT" duration-ms="5978" status="PASS">
          <params>
            <param index="0">
              <value>
                <![CDATA["verify username and password functionality with valid data"]]>
              </value>
            </param>
            <param index="1">
              <value>
                <![CDATA["Test Application - Feature 1"]]>
              </value>
            </param>
          </params>
          <reporter-output>
          </reporter-output>
        </test-method> <!-- runScenario -->
        <test-method signature="runScenario(io.cucumber.testng.PickleWrapper,io.cucumber.testng.FeatureWrapper)[pri:0, instance:runner.TestRunner@302c971f]" started-at="2024-08-01T20:51:51 EDT" name="runScenario" description="Runs Cucumber Scenarios" data-provider="scenarios" finished-at="2024-08-01T20:51:56 EDT" duration-ms="4777" status="PASS">
          <params>
            <param index="0">
              <value>
                <![CDATA["verify username and password functionality with in valid data"]]>
              </value>
            </param>
            <param index="1">
              <value>
                <![CDATA["Test Application - Feature 1"]]>
              </value>
            </param>
          </params>
          <reporter-output>
          </reporter-output>
        </test-method> <!-- runScenario -->
        <test-method signature="runScenario(io.cucumber.testng.PickleWrapper,io.cucumber.testng.FeatureWrapper)[pri:0, instance:runner.TestRunner@302c971f]" started-at="2024-08-01T20:51:56 EDT" name="runScenario" description="Runs Cucumber Scenarios" data-provider="scenarios" finished-at="2024-08-01T20:52:01 EDT" duration-ms="4425" status="PASS">
          <params>
            <param index="0">
              <value>
                <![CDATA["Array feature validation"]]>
              </value>
            </param>
            <param index="1">
              <value>
                <![CDATA["Test Application - Feature 2"]]>
              </value>
            </param>
          </params>
          <reporter-output>
          </reporter-output>
        </test-method> <!-- runScenario -->
        <test-method is-config="true" signature="tearDownClass()[pri:0, instance:runner.TestRunner@302c971f]" started-at="2024-08-01T20:52:01 EDT" name="tearDownClass" finished-at="2024-08-01T20:52:01 EDT" duration-ms="22" status="PASS">
          <reporter-output>
          </reporter-output>
        </test-method> <!-- tearDownClass -->
      </class> <!-- runner.TestRunner -->
    </test> <!-- TestFirefox -->
  </suite> <!-- Suite -->
</testng-results>
